  AICoreInterface.cpp
  BaseGameOpponent.cpp
  carState.cpp
  Opponent.cpp
a:\putnam family\documents\devry class\gsp-420\w8\gsp420_integrated_engine\ai\opponent.cpp(21): warning C4305: '=': truncation from 'double' to 'float'
a:\putnam family\documents\devry class\gsp-420\w8\gsp420_integrated_engine\ai\opponent.cpp(28): warning C4244: '=': conversion from 'double' to 'float', possible loss of data
a:\putnam family\documents\devry class\gsp-420\w8\gsp420_integrated_engine\ai\opponent.cpp(134): warning C4305: 'argument': truncation from 'double' to 'FLOAT'
a:\putnam family\documents\devry class\gsp-420\w8\gsp420_integrated_engine\ai\opponent.cpp(140): warning C4305: 'argument': truncation from 'double' to 'FLOAT'
a:\putnam family\documents\devry class\gsp-420\w8\gsp420_integrated_engine\ai\opponent.cpp(150): warning C4244: '=': conversion from 'double' to 'float', possible loss of data
a:\putnam family\documents\devry class\gsp-420\w8\gsp420_integrated_engine\ai\opponent.cpp(232): warning C4244: '=': conversion from 'int' to 'float', possible loss of data
a:\putnam family\documents\devry class\gsp-420\w8\gsp420_integrated_engine\ai\opponent.cpp(233): warning C4244: '=': conversion from 'int' to 'float', possible loss of data
a:\putnam family\documents\devry class\gsp-420\w8\gsp420_integrated_engine\ai\opponent.cpp(234): warning C4244: '=': conversion from 'int' to 'float', possible loss of data
a:\putnam family\documents\devry class\gsp-420\w8\gsp420_integrated_engine\ai\opponent.cpp(238): warning C4244: '=': conversion from 'int' to 'float', possible loss of data
a:\putnam family\documents\devry class\gsp-420\w8\gsp420_integrated_engine\ai\opponent.cpp(239): warning C4244: '=': conversion from 'int' to 'float', possible loss of data
a:\putnam family\documents\devry class\gsp-420\w8\gsp420_integrated_engine\ai\opponent.cpp(240): warning C4244: '=': conversion from 'int' to 'float', possible loss of data
  OpponentOwnedStates.cpp
  PlayerClass.cpp
a:\putnam family\documents\devry class\gsp-420\w8\gsp420_integrated_engine\ai\playerclass.cpp(34): warning C4244: '=': conversion from 'double' to 'float', possible loss of data
a:\putnam family\documents\devry class\gsp-420\w8\gsp420_integrated_engine\ai\playerclass.cpp(68): warning C4305: 'argument': truncation from 'double' to 'FLOAT'
  stdafx.cpp
  Vector2d.cpp
  winmain.cpp
  Camera.cpp
  Framework.cpp
a:\putnam family\documents\devry class\gsp-420\w8\gsp420_integrated_engine\engine_framework_420\headers\aicoreinterface.h(4): fatal error C1083: Cannot open include file: 'stdafx.h': No such file or directory
  Geometry.cpp
  Index_Buffer.cpp
  Interface.cpp
  Main_Game.cpp
a:\putnam family\documents\devry class\gsp-420\w8\gsp420_integrated_engine\engine_framework_420\headers\aicoreinterface.h(4): fatal error C1083: Cannot open include file: 'stdafx.h': No such file or directory
  Mesh_Objects.cpp
  Simple_Input.cpp
  Sound.cpp
a:\putnam family\documents\devry class\gsp-420\w8\gsp420_integrated_engine\engine_framework_420\headers\sound.h(10): fatal error C1083: Cannot open include file: 'fmod.h': No such file or directory
  Terrain.cpp
  Text.cpp
  Generating Code...
  Compiling...
  Timer.cpp
  Vertex_Buffer.cpp
  D3DX.cpp
  World_Transformations.cpp
  Generating Code...
